<?xml version="1.0" encoding="UTF-8"?>
<testsuite xmlns:xsi="http://www.w3.org/2001/XMLSchema-instance" xsi:noNamespaceSchemaLocation="https://maven.apache.org/surefire/maven-surefire-plugin/xsd/surefire-test-report-3.0.xsd" version="3.0" name="TestSuite" time="9.713" tests="6" errors="0" skipped="0" failures="0">
  <properties>
[...]
</properties>
  <testcase name="runTest1" classname="testCases.HomePageTests" time="1.633">
    <system-err><![CDATA[[main] INFO io.github.bonigarcia.wdm.WebDriverManager - Using chromedriver 128.0.6613.137 (resolved driver for Chrome 128)
[main] INFO io.github.bonigarcia.wdm.WebDriverManager - Exporting webdriver.chrome.driver as /Users/venturedive/.cache/selenium/chromedriver/mac64/128.0.6613.137/chromedriver
Starting ChromeDriver 128.0.6613.137 (fe621c5aa2d6b987e964fb1b5066833da5fb613d-refs/branch-heads/6613@{#1711}) on port 11684
Only local connections are allowed.
Please see https://chromedriver.chromium.org/security-considerations for suggestions on keeping ChromeDriver safe.
ChromeDriver was started successfully on port 11684.
Sep 15, 2024 12:52:00 AM org.openqa.selenium.remote.ProtocolHandshake createSession
INFO: Detected dialect: W3C
]]></system-err>
  </testcase>
  <testcase name="runTest2" classname="testCases.HomePageTests" time="0.213"/>
  <testcase name="runTest3" classname="testCases.HomePageTests" time="0.204"/>
  <testcase name="runTest4" classname="testCases.HomePageTests" time="0.071"/>
  <testcase name="runTest5" classname="testCases.HomePageTests" time="4.3"/>
  <testcase name="runTest6" classname="testCases.HomePageTests" time="0.033"/>
</testsuite>