<?xml version="1.0" encoding="UTF-8"?>
<testng-results skipped="0" failed="0" ignored="0" total="6" passed="6">
  <reporter-output>
  </reporter-output>
  <suite name="Test Suite" duration-ms="8499" started-at="2024-09-15T01:12:53 EDT" finished-at="2024-09-15T01:13:01 EDT">
    <groups>
    </groups>
    <test name="My tests" duration-ms="8499" started-at="2024-09-15T01:12:53 EDT" finished-at="2024-09-15T01:13:01 EDT">
      <class name="testCases.HomePageTests">
        <test-method status="PASS" signature="setUp()[pri:0, instance:testCases.HomePageTests@23faf8f2]" name="setUp" is-config="true" duration-ms="4242" started-at="2024-09-15T01:12:49 EDT" finished-at="2024-09-15T01:12:53 EDT">
          <reporter-output>
          </reporter-output>
        </test-method> <!-- setUp -->
        <test-method status="PASS" signature="runTest1()[pri:0, instance:testCases.HomePageTests@23faf8f2]" name="runTest1" duration-ms="1832" started-at="2024-09-15T01:12:53 EDT" description="Test 1: Verify email and password fields" finished-at="2024-09-15T01:12:55 EDT">
          <reporter-output>
          </reporter-output>
        </test-method> <!-- runTest1 -->
        <test-method status="PASS" signature="runTest2()[pri:0, instance:testCases.HomePageTests@23faf8f2]" name="runTest2" duration-ms="626" started-at="2024-09-15T01:12:55 EDT" description="Test 2: Verify list group items" finished-at="2024-09-15T01:12:55 EDT">
          <reporter-output>
          </reporter-output>
        </test-method> <!-- runTest2 -->
        <test-method status="PASS" signature="runTest3()[pri:0, instance:testCases.HomePageTests@23faf8f2]" name="runTest3" duration-ms="321" started-at="2024-09-15T01:12:55 EDT" description="Test 3: Verify dropdown option selection" finished-at="2024-09-15T01:12:56 EDT">
          <reporter-output>
          </reporter-output>
        </test-method> <!-- runTest3 -->
        <test-method status="PASS" signature="runTest4()[pri:0, instance:testCases.HomePageTests@23faf8f2]" name="runTest4" duration-ms="106" started-at="2024-09-15T01:12:56 EDT" description="Test 4: Verify enabled and disabled buttons" finished-at="2024-09-15T01:12:56 EDT">
          <reporter-output>
          </reporter-output>
        </test-method> <!-- runTest4 -->
        <test-method status="PASS" signature="runTest5()[pri:0, instance:testCases.HomePageTests@23faf8f2]" name="runTest5" duration-ms="5528" started-at="2024-09-15T01:12:56 EDT" description="Test 5: Verify random wait button" finished-at="2024-09-15T01:13:01 EDT">
          <reporter-output>
          </reporter-output>
        </test-method> <!-- runTest5 -->
        <test-method status="PASS" signature="runTest6()[pri:0, instance:testCases.HomePageTests@23faf8f2]" name="runTest6" duration-ms="42" started-at="2024-09-15T01:13:01 EDT" description="Test 6: Verify table cell value" finished-at="2024-09-15T01:13:01 EDT">
          <reporter-output>
          </reporter-output>
        </test-method> <!-- runTest6 -->
        <test-method status="PASS" signature="tearDown()[pri:0, instance:testCases.HomePageTests@23faf8f2]" name="tearDown" is-config="true" duration-ms="332" started-at="2024-09-15T01:13:01 EDT" finished-at="2024-09-15T01:13:02 EDT">
          <reporter-output>
          </reporter-output>
        </test-method> <!-- tearDown -->
      </class> <!-- testCases.HomePageTests -->
    </test> <!-- My tests -->
  </suite> <!-- Test Suite -->
</testng-results>
