<?xml version="1.0" encoding="UTF-8"?>
<!-- Generated by org.testng.reporters.JUnitXMLReporter -->
<testsuite hostname="KHI-Areesha-Altaf-EMAC-V" ignored="0" name="My tests" tests="6" failures="0" timestamp="2024-09-15T00:52:07 EDT" time="6.485" errors="0">
  <testcase name="runTest1" time="1.644" classname="testCases.HomePageTests"/>
  <testcase name="runTest2" time="0.214" classname="testCases.HomePageTests"/>
  <testcase name="runTest3" time="0.204" classname="testCases.HomePageTests"/>
  <testcase name="runTest4" time="0.071" classname="testCases.HomePageTests"/>
  <testcase name="runTest5" time="4.3" classname="testCases.HomePageTests"/>
  <testcase name="runTest6" time="0.032" classname="testCases.HomePageTests"/>
</testsuite> <!-- My tests -->
