<?xml version="1.0" encoding="UTF-8"?>
<!-- Generated by org.testng.reporters.JUnitXMLReporter -->
<testsuite hostname="KHI-Areesha-Altaf-EMAC-V" ignored="0" name="My tests" tests="6" failures="0" timestamp="2024-09-15T01:13:01 EDT" time="8.499" errors="0">
  <testcase name="runTest1" time="1.832" classname="testCases.HomePageTests"/>
  <testcase name="runTest2" time="0.626" classname="testCases.HomePageTests"/>
  <testcase name="runTest3" time="0.321" classname="testCases.HomePageTests"/>
  <testcase name="runTest4" time="0.106" classname="testCases.HomePageTests"/>
  <testcase name="runTest5" time="5.528" classname="testCases.HomePageTests"/>
  <testcase name="runTest6" time="0.042" classname="testCases.HomePageTests"/>
</testsuite> <!-- My tests -->
